==========================================================
  Bond Ingestion Server (Part 1) IS STARTING...
  Flask debug mode is ON.
  Access the UI at: http://localhost:8080
==========================================================
 * Serving Flask app 'app'
 * Debug mode: on
WARNING: This is a development server. Do not use it in a production deployment. Use a production WSGI server instead.
 * Running on http://127.0.0.1:8080
Press CTRL+C to quit
 * Restarting with stat
 * Debugger is active!
 * Debugger PIN: 787-451-633
 * Detected change in 'C:\\Users\\tkthe\\projects\\Bonds\\services\\ingestion_service.py', reloading
==========================================================
  Bond Ingestion Server (Part 1) IS STARTING...
  Flask debug mode is ON.
  Access the UI at: http://localhost:8080
==========================================================
 * Restarting with stat
 * Debugger is active!
 * Debugger PIN: 787-451-633
 * Detected change in 'C:\\Users\\tkthe\\projects\\Bonds\\services\\ingestion_service.py', reloading
==========================================================
  Bond Ingestion Server (Part 1) IS STARTING...
  Flask debug mode is ON.
  Access the UI at: http://localhost:8080
==========================================================
 * Restarting with stat
 * Debugger is active!
 * Debugger PIN: 787-451-633
 * Detected change in 'C:\\Users\\tkthe\\projects\\Bonds\\services\\ingestion_service.py', reloading
==========================================================
  Bond Ingestion Server (Part 1) IS STARTING...
  Flask debug mode is ON.
  Access the UI at: http://localhost:8080
==========================================================
 * Restarting with stat
 * Debugger is active!
 * Debugger PIN: 787-451-633
 * Detected change in 'C:\\Users\\tkthe\\projects\\Bonds\\services\\ingestion_service.py', reloading
==========================================================
  Bond Ingestion Server (Part 1) IS STARTING...
  Flask debug mode is ON.
  Access the UI at: http://localhost:8080
==========================================================
 * Restarting with stat
 * Debugger is active!
 * Debugger PIN: 787-451-633
 * Detected change in 'C:\\Users\\tkthe\\projects\\Bonds\\services\\ingestion_service.py', reloading
==========================================================
  Bond Ingestion Server (Part 1) IS STARTING...
  Flask debug mode is ON.
  Access the UI at: http://localhost:8080
==========================================================
 * Restarting with stat
 * Debugger is active!
 * Debugger PIN: 787-451-633
 * Detected change in 'C:\\Users\\tkthe\\projects\\Bonds\\services\\ingestion_service.py', reloading
==========================================================
  Bond Ingestion Server (Part 1) IS STARTING...
  Flask debug mode is ON.
  Access the UI at: http://localhost:8080
==========================================================
 * Restarting with stat
 * Debugger is active!
 * Debugger PIN: 787-451-633
 * Detected change in 'C:\\Users\\tkthe\\projects\\Bonds\\services\\ingestion_service.py', reloading
==========================================================
  Bond Ingestion Server (Part 1) IS STARTING...
  Flask debug mode is ON.
  Access the UI at: http://localhost:8080
==========================================================
 * Restarting with stat
 * Debugger is active!
 * Debugger PIN: 787-451-633
 * Detected change in 'C:\\Users\\tkthe\\projects\\Bonds\\services\\ingestion_service.py', reloading
==========================================================
  Bond Ingestion Server (Part 1) IS STARTING...
  Flask debug mode is ON.
  Access the UI at: http://localhost:8080
==========================================================
 * Restarting with stat
 * Debugger is active!
 * Debugger PIN: 787-451-633
 * Detected change in 'C:\\Users\\tkthe\\projects\\Bonds\\app.py', reloading
==========================================================
  Bond Ingestion Server (Part 1) IS STARTING...
  Flask debug mode is ON.
  Access the UI at: http://localhost:8080
==========================================================
 * Restarting with stat
 * Debugger is active!
 * Debugger PIN: 787-451-633
 * Detected change in 'C:\\Users\\tkthe\\projects\\Bonds\\app.py', reloading
==========================================================
  Bond Ingestion Server (Part 1) IS STARTING...
  Flask debug mode is ON.
  Access the UI at: http://localhost:8080
==========================================================
 * Restarting with stat
 * Debugger is active!
 * Debugger PIN: 787-451-633
 * Detected change in 'C:\\Users\\tkthe\\projects\\Bonds\\app.py', reloading
==========================================================
  Bond Ingestion Server (Part 1) IS STARTING...
  Flask debug mode is ON.
  Access the UI at: http://localhost:8080
==========================================================
 * Restarting with stat
 * Debugger is active!
 * Debugger PIN: 787-451-633
 * Detected change in 'C:\\Users\\tkthe\\projects\\Bonds\\app.py', reloading
==========================================================
  Bond Ingestion Server (Part 1) IS STARTING...
  Flask debug mode is ON.
  Access the UI at: http://localhost:8080
==========================================================
 * Restarting with stat
 * Debugger is active!
 * Debugger PIN: 787-451-633
 * Detected change in 'C:\\Users\\tkthe\\projects\\Bonds\\app.py', reloading
==========================================================
  Bond Ingestion Server (Part 1) IS STARTING...
  Flask debug mode is ON.
  Access the UI at: http://localhost:8080
==========================================================
 * Restarting with stat
 * Debugger is active!
 * Debugger PIN: 787-451-633
 * Detected change in 'C:\\Users\\tkthe\\projects\\Bonds\\app.py', reloading
==========================================================
  Bond Ingestion Server (Part 1) IS STARTING...
  Flask debug mode is ON.
  Access the UI at: http://localhost:8080
==========================================================
 * Restarting with stat
 * Debugger is active!
 * Debugger PIN: 787-451-633
 * Detected change in 'C:\\Users\\tkthe\\projects\\Bonds\\app.py', reloading
==========================================================
  Bond Ingestion Server (Part 1) IS STARTING...
  Flask debug mode is ON.
  Access the UI at: http://localhost:8080
==========================================================
 * Restarting with stat
 * Debugger is active!
 * Debugger PIN: 787-451-633
 * Detected change in 'C:\\Users\\tkthe\\projects\\Bonds\\app.py', reloading
==========================================================
  Bond Ingestion Server (Part 1) IS STARTING...
  Flask debug mode is ON.
  Access the UI at: http://localhost:8080
==========================================================
 * Restarting with stat
 * Debugger is active!
 * Debugger PIN: 787-451-633
 * Detected change in 'C:\\Users\\tkthe\\projects\\Bonds\\app.py', reloading
==========================================================
  Bond Ingestion Server (Part 1) IS STARTING...
  Flask debug mode is ON.
  Access the UI at: http://localhost:8080
==========================================================
 * Restarting with stat
 * Debugger is active!
 * Debugger PIN: 787-451-633
 * Detected change in 'C:\\Users\\tkthe\\projects\\Bonds\\app.py', reloading
==========================================================
  Bond Ingestion Server (Part 1) IS STARTING...
  Flask debug mode is ON.
  Access the UI at: http://localhost:8080
==========================================================
 * Restarting with stat
 * Debugger is active!
 * Debugger PIN: 787-451-633
 * Detected change in 'C:\\Users\\tkthe\\projects\\Bonds\\app.py', reloading
==========================================================
  Bond Ingestion Server (Part 1) IS STARTING...
  Flask debug mode is ON.
  Access the UI at: http://localhost:8080
==========================================================
 * Restarting with stat
 * Debugger is active!
 * Debugger PIN: 787-451-633
 * Detected change in 'C:\\Users\\tkthe\\projects\\Bonds\\app.py', reloading
==========================================================
  Bond Ingestion Server (Part 1) IS STARTING...
  Flask debug mode is ON.
  Access the UI at: http://localhost:8080
==========================================================
 * Restarting with stat
Traceback (most recent call last):
  File "C:\Users\tkthe\projects\Bonds\app.py", line 21, in <module>
    from services.analysis_service import run_full_analysis # NEW IMPORT
    ^^^^^^^^^^^^^^^^^^^^^^^^^^^^^^^^^^^^^^^^^^^^^^^^^^^^^^^
  File "C:\Users\tkthe\projects\Bonds\services\analysis_service.py", line 8, in <module>
    from market_data_service import get_market_context
ModuleNotFoundError: No module named 'market_data_service'
